[debug] [2021-07-06T13:38:27.787Z] ----------------------------------------------------------------------
[debug] [2021-07-06T13:38:27.790Z] Command:       /usr/local/bin/node /usr/local/bin/firebase emulators:start
[debug] [2021-07-06T13:38:27.791Z] CLI Version:   9.3.0
[debug] [2021-07-06T13:38:27.791Z] Platform:      linux
[debug] [2021-07-06T13:38:27.791Z] Node Version:  v14.15.4
[debug] [2021-07-06T13:38:27.802Z] Time:          Tue Jul 06 2021 19:08:27 GMT+0530 (India Standard Time)
[debug] [2021-07-06T13:38:27.803Z] ----------------------------------------------------------------------
[debug] [2021-07-06T13:38:27.803Z] 
[debug] [2021-07-06T13:38:27.824Z] > command requires scopes: ["email","openid","https://www.googleapis.com/auth/cloudplatformprojects.readonly","https://www.googleapis.com/auth/firebase","https://www.googleapis.com/auth/cloud-platform"]
[debug] [2021-07-06T13:38:27.825Z] > authorizing via signed-in user
[info] i  emulators: Starting emulators: auth, firestore, hosting {"metadata":{"emulator":{"name":"hub"},"message":"Starting emulators: auth, firestore, hosting"}}
[warn] ⚠  emulators: It seems that you are running multiple instances of the emulator suite for project cod-clan-name-poll. This may result in unexpected behavior. 
[debug] [2021-07-06T13:38:27.866Z] [hub] writing locator at /tmp/hub-cod-clan-name-poll.json
[debug] [2021-07-06T13:38:27.896Z] Ignoring unsupported arg: projectId {"metadata":{"emulator":{"name":"firestore"},"message":"Ignoring unsupported arg: projectId"}}
[debug] [2021-07-06T13:38:27.897Z] Ignoring unsupported arg: auto_download {"metadata":{"emulator":{"name":"firestore"},"message":"Ignoring unsupported arg: auto_download"}}
[debug] [2021-07-06T13:38:27.897Z] Starting Firestore Emulator with command {"binary":"java","args":["-Djava.net.preferIPv4Stack=true","-Dgoogle.cloud_firestore.debug_log_level=FINE","-Duser.language=en","-jar","/home/bhaskarkishor/.cache/firebase/emulators/cloud-firestore-emulator-v1.11.12.jar","--host","127.0.0.1","--port",8090,"--rules","/home/bhaskarkishor/firebase/cod-poll/firestore.rules"],"optionalArgs":["port","webchannel_port","host","rules","functions_emulator","seed_from_export"],"joinArgs":false} {"metadata":{"emulator":{"name":"firestore"},"message":"Starting Firestore Emulator with command {\"binary\":\"java\",\"args\":[\"-Djava.net.preferIPv4Stack=true\",\"-Dgoogle.cloud_firestore.debug_log_level=FINE\",\"-Duser.language=en\",\"-jar\",\"/home/bhaskarkishor/.cache/firebase/emulators/cloud-firestore-emulator-v1.11.12.jar\",\"--host\",\"127.0.0.1\",\"--port\",8090,\"--rules\",\"/home/bhaskarkishor/firebase/cod-poll/firestore.rules\"],\"optionalArgs\":[\"port\",\"webchannel_port\",\"host\",\"rules\",\"functions_emulator\",\"seed_from_export\"],\"joinArgs\":false}"}}
[info] i  firestore: Firestore Emulator logging to firestore-debug.log {"metadata":{"emulator":{"name":"firestore"},"message":"Firestore Emulator logging to \u001b[1mfirestore-debug.log\u001b[22m"}}
[debug] [2021-07-06T13:38:31.636Z] API endpoint: http://127.0.0.1: {"metadata":{"emulator":{"name":"firestore"},"message":"API endpoint: http://127.0.0.1:"}}
[debug] [2021-07-06T13:38:31.638Z] 8090
If you are using a library that supports the FIRESTORE_EMULATOR_HOST environment variable, run:

   export FIRESTORE_EMULATOR_HOST=127.0.0.1:8090

Dev App Server is now running.

 {"metadata":{"emulator":{"name":"firestore"},"message":"8090\nIf you are using a library that supports the FIRESTORE_EMULATOR_HOST environment variable, run:\n\n   export FIRESTORE_EMULATOR_HOST=127.0.0.1:8090\n\nDev App Server is now running.\n\n"}}
[debug] [2021-07-06T13:38:36.411Z] > refreshing access token with scopes: []
[debug] [2021-07-06T13:38:36.419Z] >>> HTTP REQUEST POST https://www.googleapis.com/oauth2/v3/token  
 <request body omitted>
[debug] [2021-07-06T13:38:36.939Z] <<< HTTP RESPONSE 200 {"pragma":"no-cache","expires":"Mon, 01 Jan 1990 00:00:00 GMT","date":"Tue, 06 Jul 2021 13:38:39 GMT","cache-control":"no-cache, no-store, max-age=0, must-revalidate","content-type":"application/json; charset=utf-8","vary":"X-Origin, Referer, Origin,Accept-Encoding","server":"scaffolding on HTTPServer2","x-xss-protection":"0","x-frame-options":"SAMEORIGIN","x-content-type-options":"nosniff","alt-svc":"h3=\":443\"; ma=2592000,h3-29=\":443\"; ma=2592000,h3-T051=\":443\"; ma=2592000,h3-Q050=\":443\"; ma=2592000,h3-Q046=\":443\"; ma=2592000,h3-Q043=\":443\"; ma=2592000,quic=\":443\"; ma=2592000; v=\"46,43\"","accept-ranges":"none","transfer-encoding":"chunked"}
[debug] [2021-07-06T13:38:36.954Z] >>> [apiv2][query] GET https://firebase.googleapis.com/v1beta1/projects/cod-clan-name-poll/webApps/-/config [none]
[debug] [2021-07-06T13:38:38.697Z] <<< [apiv2][status] GET https://firebase.googleapis.com/v1beta1/projects/cod-clan-name-poll/webApps/-/config 200
[debug] [2021-07-06T13:38:38.698Z] <<< [apiv2][body] GET https://firebase.googleapis.com/v1beta1/projects/cod-clan-name-poll/webApps/-/config {"projectId":"cod-clan-name-poll","storageBucket":"cod-clan-name-poll.appspot.com","locationId":"asia-east2","apiKey":"AIzaSyC88Bz0jV2a2t3nYreebvQoTnl6TEdhSv0","authDomain":"cod-clan-name-poll.firebaseapp.com","messagingSenderId":"37230535426"}
[info] i  hosting[whatsapppoll]: Serving hosting files from: dist {"metadata":{"emulator":{"name":"hosting"},"message":"Serving hosting files from: \u001b[1mdist\u001b[22m"}}
[info] ✔  hosting[whatsapppoll]: Local server: http://127.0.0.1:5000 {"metadata":{"emulator":{"name":"hosting"},"message":"Local server: \u001b[4m\u001b[1mhttp://127.0.0.1:5000\u001b[22m\u001b[24m"}}
[debug] [2021-07-06T13:38:38.776Z] Ignoring unsupported arg: auto_download {"metadata":{"emulator":{"name":"ui"},"message":"Ignoring unsupported arg: auto_download"}}
[debug] [2021-07-06T13:38:38.777Z] Ignoring unsupported arg: port {"metadata":{"emulator":{"name":"ui"},"message":"Ignoring unsupported arg: port"}}
[debug] [2021-07-06T13:38:38.777Z] Starting Emulator UI with command {"binary":"node","args":["/home/bhaskarkishor/.cache/firebase/emulators/ui-v1.4.1/server.bundle.js"],"optionalArgs":[],"joinArgs":false} {"metadata":{"emulator":{"name":"ui"},"message":"Starting Emulator UI with command {\"binary\":\"node\",\"args\":[\"/home/bhaskarkishor/.cache/firebase/emulators/ui-v1.4.1/server.bundle.js\"],\"optionalArgs\":[],\"joinArgs\":false}"}}
[info] i  ui: Emulator UI logging to ui-debug.log {"metadata":{"emulator":{"name":"ui"},"message":"Emulator UI logging to \u001b[1mui-debug.log\u001b[22m"}}
[debug] [2021-07-06T13:38:38.953Z] Web / API server started at http://127.0.0.1:4000
 {"metadata":{"emulator":{"name":"ui"},"message":"Web / API server started at http://127.0.0.1:4000\n"}}
[info] 
┌─────────────────────────────────────────────────────────────┐
│ ✔  All emulators ready! It is now safe to connect your app. │
│ i  View Emulator UI at http://127.0.0.1:4000                │
└─────────────────────────────────────────────────────────────┘

┌────────────────┬────────────────┬─────────────────────────────────┐
│ Emulator       │ Host:Port      │ View in Emulator UI             │
├────────────────┼────────────────┼─────────────────────────────────┤
│ Authentication │ 127.0.0.1:9099 │ http://127.0.0.1:4000/auth      │
├────────────────┼────────────────┼─────────────────────────────────┤
│ Firestore      │ 127.0.0.1:8090 │ http://127.0.0.1:4000/firestore │
├────────────────┼────────────────┼─────────────────────────────────┤
│ Hosting        │ 127.0.0.1:5000 │ n/a                             │
└────────────────┴────────────────┴─────────────────────────────────┘
  Emulator Hub running at 127.0.0.1:4400
  Other reserved ports: 4500

Issues? Report them at https://github.com/firebase/firebase-tools/issues and attach the *-debug.log files.
 
[debug] [2021-07-06T13:57:53.813Z] Jul 06, 2021 7:27:53 PM io.gapi.emulators.netty.HttpVersionRoutingHandler channelRead
INFO: Detected non-HTTP/2 connection.
 {"metadata":{"emulator":{"name":"firestore"},"message":"Jul 06, 2021 7:27:53 PM io.gapi.emulators.netty.HttpVersionRoutingHandler channelRead\nINFO: Detected non-HTTP/2 connection.\n"}}
[debug] [2021-07-06T13:57:54.035Z] Jul 06, 2021 7:27:54 PM com.google.net.webchannel.server.common.CorsFilter populateCustomHeaders
WARNING: Invalid $httpHeaders: X-Goog-Api-Client:gl-js/ fire/8.6.2
Content-Type:text/plain
X-Firebase-GMPID:1:37230535426:web:1fbf0f278356b8897d981b

 {"metadata":{"emulator":{"name":"firestore"},"message":"Jul 06, 2021 7:27:54 PM com.google.net.webchannel.server.common.CorsFilter populateCustomHeaders\nWARNING: Invalid $httpHeaders: X-Goog-Api-Client:gl-js/ fire/8.6.2\r\nContent-Type:text/plain\r\nX-Firebase-GMPID:1:37230535426:web:1fbf0f278356b8897d981b\r\n\n"}}
[debug] [2021-07-06T13:57:55.492Z] Jul 06, 2021 7:27:55 PM io.gapi.emulators.netty.HttpVersionRoutingHandler channelRead
INFO: Detected non-HTTP/2 connection.
 {"metadata":{"emulator":{"name":"firestore"},"message":"Jul 06, 2021 7:27:55 PM io.gapi.emulators.netty.HttpVersionRoutingHandler channelRead\nINFO: Detected non-HTTP/2 connection.\n"}}
[debug] [2021-07-06T13:57:55.758Z] Jul 06, 2021 7:27:55 PM io.gapi.emulators.netty.HttpVersionRoutingHandler channelRead
INFO: Detected non-HTTP/2 connection.
 {"metadata":{"emulator":{"name":"firestore"},"message":"Jul 06, 2021 7:27:55 PM io.gapi.emulators.netty.HttpVersionRoutingHandler channelRead\nINFO: Detected non-HTTP/2 connection.\n"}}
[debug] [2021-07-06T13:57:56.267Z] Jul 06, 2021 7:27:56 PM io.gapi.emulators.netty.HttpVersionRoutingHandler channelRead
INFO: Detected non-HTTP/2 connection.
 {"metadata":{"emulator":{"name":"firestore"},"message":"Jul 06, 2021 7:27:56 PM io.gapi.emulators.netty.HttpVersionRoutingHandler channelRead\nINFO: Detected non-HTTP/2 connection.\n"}}
[debug] [2021-07-06T13:57:56.276Z] Jul 06, 2021 7:27:56 PM com.google.net.webchannel.server.common.CorsFilter populateCustomHeaders
WARNING: Invalid $httpHeaders: X-Goog-Api-Client:gl-js/ fire/8.6.2
Content-Type:text/plain
X-Firebase-GMPID:1:37230535426:web:1fbf0f278356b8897d981b

 {"metadata":{"emulator":{"name":"firestore"},"message":"Jul 06, 2021 7:27:56 PM com.google.net.webchannel.server.common.CorsFilter populateCustomHeaders\nWARNING: Invalid $httpHeaders: X-Goog-Api-Client:gl-js/ fire/8.6.2\r\nContent-Type:text/plain\r\nX-Firebase-GMPID:1:37230535426:web:1fbf0f278356b8897d981b\r\n\n"}}
[debug] [2021-07-06T13:57:56.734Z] Jul 06, 2021 7:27:56 PM io.gapi.emulators.netty.HttpVersionRoutingHandler channelRead
INFO: Detected non-HTTP/2 connection.
 {"metadata":{"emulator":{"name":"firestore"},"message":"Jul 06, 2021 7:27:56 PM io.gapi.emulators.netty.HttpVersionRoutingHandler channelRead\nINFO: Detected non-HTTP/2 connection.\n"}}
[debug] [2021-07-06T13:57:57.082Z] Jul 06, 2021 7:27:57 PM io.gapi.emulators.netty.HttpVersionRoutingHandler channelRead
INFO: Detected non-HTTP/2 connection.
 {"metadata":{"emulator":{"name":"firestore"},"message":"Jul 06, 2021 7:27:57 PM io.gapi.emulators.netty.HttpVersionRoutingHandler channelRead\nINFO: Detected non-HTTP/2 connection.\n"}}
[debug] [2021-07-06T13:57:57.416Z] Jul 06, 2021 7:27:57 PM io.gapi.emulators.netty.HttpVersionRoutingHandler channelRead
INFO: Detected non-HTTP/2 connection.
 {"metadata":{"emulator":{"name":"firestore"},"message":"Jul 06, 2021 7:27:57 PM io.gapi.emulators.netty.HttpVersionRoutingHandler channelRead\nINFO: Detected non-HTTP/2 connection.\n"}}
[debug] [2021-07-06T13:57:57.854Z] Jul 06, 2021 7:27:57 PM io.gapi.emulators.netty.HttpVersionRoutingHandler channelRead
INFO: Detected non-HTTP/2 connection.
 {"metadata":{"emulator":{"name":"firestore"},"message":"Jul 06, 2021 7:27:57 PM io.gapi.emulators.netty.HttpVersionRoutingHandler channelRead\nINFO: Detected non-HTTP/2 connection.\n"}}
[debug] [2021-07-06T13:58:13.518Z] Jul 06, 2021 7:28:13 PM io.gapi.emulators.netty.HttpVersionRoutingHandler channelRead
INFO: Detected non-HTTP/2 connection.
 {"metadata":{"emulator":{"name":"firestore"},"message":"Jul 06, 2021 7:28:13 PM io.gapi.emulators.netty.HttpVersionRoutingHandler channelRead\nINFO: Detected non-HTTP/2 connection.\n"}}
[debug] [2021-07-06T13:58:13.920Z] Jul 06, 2021 7:28:13 PM io.gapi.emulators.netty.HttpVersionRoutingHandler channelRead
INFO: Detected non-HTTP/2 connection.
 {"metadata":{"emulator":{"name":"firestore"},"message":"Jul 06, 2021 7:28:13 PM io.gapi.emulators.netty.HttpVersionRoutingHandler channelRead\nINFO: Detected non-HTTP/2 connection.\n"}}
[debug] [2021-07-06T13:58:14.256Z] Jul 06, 2021 7:28:14 PM io.gapi.emulators.netty.HttpVersionRoutingHandler channelRead
INFO: Detected non-HTTP/2 connection.
 {"metadata":{"emulator":{"name":"firestore"},"message":"Jul 06, 2021 7:28:14 PM io.gapi.emulators.netty.HttpVersionRoutingHandler channelRead\nINFO: Detected non-HTTP/2 connection.\n"}}
[debug] [2021-07-06T13:58:14.607Z] Jul 06, 2021 7:28:14 PM io.gapi.emulators.netty.HttpVersionRoutingHandler channelRead
INFO: Detected non-HTTP/2 connection.
 {"metadata":{"emulator":{"name":"firestore"},"message":"Jul 06, 2021 7:28:14 PM io.gapi.emulators.netty.HttpVersionRoutingHandler channelRead\nINFO: Detected non-HTTP/2 connection.\n"}}
[debug] [2021-07-06T13:58:18.347Z] Jul 06, 2021 7:28:18 PM io.gapi.emulators.netty.HttpVersionRoutingHandler channelRead
INFO: Detected non-HTTP/2 connection.
 {"metadata":{"emulator":{"name":"firestore"},"message":"Jul 06, 2021 7:28:18 PM io.gapi.emulators.netty.HttpVersionRoutingHandler channelRead\nINFO: Detected non-HTTP/2 connection.\n"}}
[debug] [2021-07-06T13:58:29.771Z] Jul 06, 2021 7:28:29 PM io.gapi.emulators.netty.HttpVersionRoutingHandler channelRead
INFO: Detected non-HTTP/2 connection.
 {"metadata":{"emulator":{"name":"firestore"},"message":"Jul 06, 2021 7:28:29 PM io.gapi.emulators.netty.HttpVersionRoutingHandler channelRead\nINFO: Detected non-HTTP/2 connection.\n"}}
[debug] [2021-07-06T13:58:29.777Z] Jul 06, 2021 7:28:29 PM com.google.net.webchannel.server.common.CorsFilter populateCustomHeaders
WARNING: Invalid $httpHeaders: X-Goog-Api-Client:gl-js/ fire/8.6.2
Content-Type:text/plain
X-Firebase-GMPID:1:37230535426:web:1fbf0f278356b8897d981b

 {"metadata":{"emulator":{"name":"firestore"},"message":"Jul 06, 2021 7:28:29 PM com.google.net.webchannel.server.common.CorsFilter populateCustomHeaders\nWARNING: Invalid $httpHeaders: X-Goog-Api-Client:gl-js/ fire/8.6.2\r\nContent-Type:text/plain\r\nX-Firebase-GMPID:1:37230535426:web:1fbf0f278356b8897d981b\r\n\n"}}
[debug] [2021-07-06T13:58:30.020Z] Jul 06, 2021 7:28:30 PM io.gapi.emulators.netty.HttpVersionRoutingHandler channelRead
INFO: Detected non-HTTP/2 connection.
 {"metadata":{"emulator":{"name":"firestore"},"message":"Jul 06, 2021 7:28:30 PM io.gapi.emulators.netty.HttpVersionRoutingHandler channelRead\nINFO: Detected non-HTTP/2 connection.\n"}}
[debug] [2021-07-06T13:58:30.105Z] Jul 06, 2021 7:28:30 PM io.gapi.emulators.netty.HttpVersionRoutingHandler channelRead
INFO: Detected non-HTTP/2 connection.
 {"metadata":{"emulator":{"name":"firestore"},"message":"Jul 06, 2021 7:28:30 PM io.gapi.emulators.netty.HttpVersionRoutingHandler channelRead\nINFO: Detected non-HTTP/2 connection.\n"}}
[debug] [2021-07-06T13:58:30.360Z] Jul 06, 2021 7:28:30 PM io.gapi.emulators.netty.HttpVersionRoutingHandler channelRead
INFO: Detected non-HTTP/2 connection.
 {"metadata":{"emulator":{"name":"firestore"},"message":"Jul 06, 2021 7:28:30 PM io.gapi.emulators.netty.HttpVersionRoutingHandler channelRead\nINFO: Detected non-HTTP/2 connection.\n"}}
[debug] [2021-07-06T13:58:30.448Z] Jul 06, 2021 7:28:30 PM io.gapi.emulators.netty.HttpVersionRoutingHandler channelRead
INFO: Detected non-HTTP/2 connection.
 {"metadata":{"emulator":{"name":"firestore"},"message":"Jul 06, 2021 7:28:30 PM io.gapi.emulators.netty.HttpVersionRoutingHandler channelRead\nINFO: Detected non-HTTP/2 connection.\n"}}
[debug] [2021-07-06T13:58:37.771Z] Jul 06, 2021 7:28:37 PM io.gapi.emulators.netty.HttpVersionRoutingHandler channelRead
INFO: Detected non-HTTP/2 connection.
 {"metadata":{"emulator":{"name":"firestore"},"message":"Jul 06, 2021 7:28:37 PM io.gapi.emulators.netty.HttpVersionRoutingHandler channelRead\nINFO: Detected non-HTTP/2 connection.\n"}}
[debug] [2021-07-06T13:58:37.776Z] Jul 06, 2021 7:28:37 PM com.google.net.webchannel.server.common.CorsFilter populateCustomHeaders
WARNING: Invalid $httpHeaders: X-Goog-Api-Client:gl-js/ fire/8.6.2
Content-Type:text/plain
X-Firebase-GMPID:1:37230535426:web:1fbf0f278356b8897d981b

 {"metadata":{"emulator":{"name":"firestore"},"message":"Jul 06, 2021 7:28:37 PM com.google.net.webchannel.server.common.CorsFilter populateCustomHeaders\nWARNING: Invalid $httpHeaders: X-Goog-Api-Client:gl-js/ fire/8.6.2\r\nContent-Type:text/plain\r\nX-Firebase-GMPID:1:37230535426:web:1fbf0f278356b8897d981b\r\n\n"}}
[debug] [2021-07-06T13:58:38.038Z] Jul 06, 2021 7:28:38 PM io.gapi.emulators.netty.HttpVersionRoutingHandler channelRead
INFO: Detected non-HTTP/2 connection.
 {"metadata":{"emulator":{"name":"firestore"},"message":"Jul 06, 2021 7:28:38 PM io.gapi.emulators.netty.HttpVersionRoutingHandler channelRead\nINFO: Detected non-HTTP/2 connection.\n"}}
[debug] [2021-07-06T13:58:38.105Z] Jul 06, 2021 7:28:38 PM io.gapi.emulators.netty.HttpVersionRoutingHandler channelRead
INFO: Detected non-HTTP/2 connection.
 {"metadata":{"emulator":{"name":"firestore"},"message":"Jul 06, 2021 7:28:38 PM io.gapi.emulators.netty.HttpVersionRoutingHandler channelRead\nINFO: Detected non-HTTP/2 connection.\n"}}
[debug] [2021-07-06T13:58:38.377Z] Jul 06, 2021 7:28:38 PM io.gapi.emulators.netty.HttpVersionRoutingHandler channelRead
INFO: Detected non-HTTP/2 connection.
 {"metadata":{"emulator":{"name":"firestore"},"message":"Jul 06, 2021 7:28:38 PM io.gapi.emulators.netty.HttpVersionRoutingHandler channelRead\nINFO: Detected non-HTTP/2 connection.\n"}}
[debug] [2021-07-06T13:58:38.465Z] Jul 06, 2021 7:28:38 PM io.gapi.emulators.netty.HttpVersionRoutingHandler channelRead
INFO: Detected non-HTTP/2 connection.
 {"metadata":{"emulator":{"name":"firestore"},"message":"Jul 06, 2021 7:28:38 PM io.gapi.emulators.netty.HttpVersionRoutingHandler channelRead\nINFO: Detected non-HTTP/2 connection.\n"}}
[debug] [2021-07-06T13:59:24.610Z] Jul 06, 2021 7:29:24 PM io.gapi.emulators.netty.HttpVersionRoutingHandler channelRead
INFO: Detected non-HTTP/2 connection.
 {"metadata":{"emulator":{"name":"firestore"},"message":"Jul 06, 2021 7:29:24 PM io.gapi.emulators.netty.HttpVersionRoutingHandler channelRead\nINFO: Detected non-HTTP/2 connection.\n"}}
[debug] [2021-07-06T13:59:39.292Z] Jul 06, 2021 7:29:39 PM io.gapi.emulators.netty.HttpVersionRoutingHandler channelRead
INFO: Detected non-HTTP/2 connection.
 {"metadata":{"emulator":{"name":"firestore"},"message":"Jul 06, 2021 7:29:39 PM io.gapi.emulators.netty.HttpVersionRoutingHandler channelRead\nINFO: Detected non-HTTP/2 connection.\n"}}
[debug] [2021-07-06T13:59:39.302Z] Jul 06, 2021 7:29:39 PM com.google.cloud.datastore.emulator.firestore.webchannel.FirestoreV1WebChannelAdapter$FirestoreListenHandler onClose
INFO: channel closed
 {"metadata":{"emulator":{"name":"firestore"},"message":"Jul 06, 2021 7:29:39 PM com.google.cloud.datastore.emulator.firestore.webchannel.FirestoreV1WebChannelAdapter$FirestoreListenHandler onClose\nINFO: channel closed\n"}}
